<?xml version="1.0" encoding="UTF-8"?>
<!-- Generated by org.testng.reporters.JUnitReportReporter -->
<testsuite skipped="0" hostname="LAPTOP-SMC8HIAI" name="testpackage.TestActiTimeSettingsDropdowns" tests="3" failures="0" timestamp="2021-07-06T09:37:13 IST" time="63.564" errors="0">
  <testcase name="getTheOptionsOfFirstDropdown" time="34.537" classname="testpackage.TestActiTimeSettingsDropdowns"/>
  <system-out/>
  <testcase name="getTheOptionsOfSecondDropdown" time="15.248" classname="testpackage.TestActiTimeSettingsDropdowns"/>
  <system-out/>
  <testcase name="getTheOptionsOfThirdDropdown" time="13.779" classname="testpackage.TestActiTimeSettingsDropdowns"/>
  <system-out/>
</testsuite> <!-- testpackage.TestActiTimeSettingsDropdowns -->
