<?xml version="1.0" encoding="UTF-8"?>
<!-- Generated by org.testng.reporters.JUnitReportReporter -->
<testsuite skipped="0" hostname="LAPTOP-SMC8HIAI" name="testpackage.TestActiTimeInvalidLogin" tests="1" failures="0" timestamp="2021-07-05T09:39:55 IST" time="56.869" errors="0">
  <testcase name="invalidLoginActiTimeTest" time="56.869" classname="testpackage.TestActiTimeInvalidLogin"/>
  <system-out/>
</testsuite> <!-- testpackage.TestActiTimeInvalidLogin -->
